<?xml version="1.0" encoding="UTF-8"?>
<robot generator="Robot 7.1 (Python 3.13.0rc2 on win32)" generated="2024-10-03T21:25:01.669040" rpa="false" schemaversion="5">
<suite id="s1" name="Section2WebTesting" source="C:\Users\anuwa\OneDrive\Desktop\Assignment_TTB_PS\TestScript\Section2WebTesting.robot">
<test id="s1-t1" name="TS01 Get Quotes and Input Them into Notepad Online" line="13">
<kw name="Create List" owner="BuiltIn">
<msg time="2024-10-03T21:25:02.794216" level="INFO">${quotes} = []</msg>
<var>${quotes}</var>
<doc>Returns a list containing given items.</doc>
<status status="PASS" start="2024-10-03T21:25:02.793557" elapsed="0.003765"/>
</kw>
<for flavor="IN RANGE">
<iter>
<kw name="Create Dictionary" owner="BuiltIn">
<msg time="2024-10-03T21:25:02.841167" level="INFO">${endpoint} = {'category': 'computers', 'X-Api-Key': 'bIF7IeOciA8Ug1fiwLROYw==OcYET5Wvr3e5ounB'}</msg>
<var>${endpoint}</var>
<arg>category=computers</arg>
<arg>X-Api-Key=bIF7IeOciA8Ug1fiwLROYw==OcYET5Wvr3e5ounB</arg>
<doc>Creates and returns a dictionary based on the given ``items``.</doc>
<status status="PASS" start="2024-10-03T21:25:02.798829" elapsed="0.042846"/>
</kw>
<kw name="GET" owner="RequestsLibrary">
<msg time="2024-10-03T21:25:03.345764" level="INFO">GET Request : url=https://api.api-ninjas.com/v1/quotes?category=computers&amp;X-Api-Key=bIF7IeOciA8Ug1fiwLROYw%3D%3DOcYET5Wvr3e5ounB 
 path_url=/v1/quotes?category=computers&amp;X-Api-Key=bIF7IeOciA8Ug1fiwLROYw%3D%3DOcYET5Wvr3e5ounB 
 headers={'User-Agent': 'python-requests/2.32.3', 'Accept-Encoding': 'gzip, deflate', 'Accept': '*/*', 'Connection': 'keep-alive'} 
 body=None 
 </msg>
<msg time="2024-10-03T21:25:03.346611" level="INFO">GET Response : url=https://api.api-ninjas.com/v1/quotes?category=computers&amp;X-Api-Key=bIF7IeOciA8Ug1fiwLROYw%3D%3DOcYET5Wvr3e5ounB 
 status=200, reason=OK 
 headers={'Content-Type': 'application/json', 'Content-Length': '211', 'Connection': 'keep-alive', 'Date': 'Thu, 03 Oct 2024 14:25:03 GMT', 'X-Amzn-Trace-Id': 'Root=1-66fea93f-511c4e167fbd56e74938afeb;Parent=4d901d6bd2476ee3;Sampled=0;Lineage=1:d891c757:0', 'x-amzn-RequestId': '5574265a-2ff1-49e3-b4ce-70f224db90fc', 'Access-Control-Allow-Origin': '*', 'Allow': 'GET, OPTIONS, POST', 'Access-Control-Allow-Headers': '*', 'x-amz-apigw-id': 'fE9h8E2FvHcEfAA=', 'Access-Control-Allow-Methods': 'GET, OPTIONS, POST', 'X-Cache': 'Miss from cloudfront', 'Via': '1.1 711199c7991a9700e90fd3e19a9bce58.cloudfront.net (CloudFront)', 'X-Amz-Cf-Pop': 'BKK50-P2', 'X-Amz-Cf-Id': '6M_ggCF5AcR5VF3NJBReegR7dKfv7Us8VESmuH-ymtKGkopjRZd7_w=='} 
 body=[{"quote": "Everyone has this perception that the bloggers, they say horrible things about you and they hide behind their computers where you can't see them.", "author": "L'Wren Scott", "category": "computers"}] 
 </msg>
<msg time="2024-10-03T21:25:03.347605" level="INFO">${response} = &lt;Response [200]&gt;</msg>
<var>${response}</var>
<arg>${base_url}</arg>
<arg>${endpoint}</arg>
<doc>Sends a GET request.</doc>
<status status="PASS" start="2024-10-03T21:25:02.842450" elapsed="0.505498"/>
</kw>
<kw name="Status Should Be" owner="RequestsLibrary">
<arg>200</arg>
<doc>Fails if response status code is different than the expected.</doc>
<status status="PASS" start="2024-10-03T21:25:03.348704" elapsed="0.000858"/>
</kw>
<kw name="Log" owner="BuiltIn">
<msg time="2024-10-03T21:25:03.352275" level="INFO">[{'quote': "Everyone has this perception that the bloggers, they say horrible things about you and they hide behind their computers where you can't see them.", 'author': "L'Wren Scott", 'category': 'computers'}]</msg>
<arg>${response.json()}</arg>
<doc>Logs the given message with the given level.</doc>
<status status="PASS" start="2024-10-03T21:25:03.350203" elapsed="0.002589"/>
</kw>
<kw name="Get From List" owner="Collections">
<msg time="2024-10-03T21:25:03.355682" level="INFO">${first_object} = {'quote': "Everyone has this perception that the bloggers, they say horrible things about you and they hide behind their computers where you can't see them.", 'author': "L'Wren Scott", 'category': 'co...</msg>
<var>${first_object}</var>
<arg>${response.json()}</arg>
<arg>0</arg>
<doc>Returns the value specified with an ``index`` from ``list``.</doc>
<status status="PASS" start="2024-10-03T21:25:03.353428" elapsed="0.002633"/>
</kw>
<kw name="Get From Dictionary" owner="Collections">
<msg time="2024-10-03T21:25:03.357820" level="INFO">${quote} = Everyone has this perception that the bloggers, they say horrible things about you and they hide behind their computers where you can't see them.</msg>
<var>${quote}</var>
<arg>${first_object}</arg>
<arg>quote</arg>
<doc>Returns a value from the given ``dictionary`` based on the given ``key``.</doc>
<status status="PASS" start="2024-10-03T21:25:03.356725" elapsed="0.001494"/>
</kw>
<kw name="Append To List" owner="Collections">
<arg>${quotes}</arg>
<arg>${quote}</arg>
<doc>Adds ``values`` to the end of ``list``.</doc>
<status status="PASS" start="2024-10-03T21:25:03.358814" elapsed="0.000974"/>
</kw>
<var name="${i}">0</var>
<status status="PASS" start="2024-10-03T21:25:02.798365" elapsed="0.561800"/>
</iter>
<iter>
<kw name="Create Dictionary" owner="BuiltIn">
<msg time="2024-10-03T21:25:03.362782" level="INFO">${endpoint} = {'category': 'computers', 'X-Api-Key': 'bIF7IeOciA8Ug1fiwLROYw==OcYET5Wvr3e5ounB'}</msg>
<var>${endpoint}</var>
<arg>category=computers</arg>
<arg>X-Api-Key=bIF7IeOciA8Ug1fiwLROYw==OcYET5Wvr3e5ounB</arg>
<doc>Creates and returns a dictionary based on the given ``items``.</doc>
<status status="PASS" start="2024-10-03T21:25:03.361681" elapsed="0.001883"/>
</kw>
<kw name="GET" owner="RequestsLibrary">
<msg time="2024-10-03T21:25:04.164597" level="INFO">GET Request : url=https://api.api-ninjas.com/v1/quotes?category=computers&amp;X-Api-Key=bIF7IeOciA8Ug1fiwLROYw%3D%3DOcYET5Wvr3e5ounB 
 path_url=/v1/quotes?category=computers&amp;X-Api-Key=bIF7IeOciA8Ug1fiwLROYw%3D%3DOcYET5Wvr3e5ounB 
 headers={'User-Agent': 'python-requests/2.32.3', 'Accept-Encoding': 'gzip, deflate', 'Accept': '*/*', 'Connection': 'keep-alive'} 
 body=None 
 </msg>
<msg time="2024-10-03T21:25:04.165251" level="INFO">GET Response : url=https://api.api-ninjas.com/v1/quotes?category=computers&amp;X-Api-Key=bIF7IeOciA8Ug1fiwLROYw%3D%3DOcYET5Wvr3e5ounB 
 status=200, reason=OK 
 headers={'Content-Type': 'application/json', 'Content-Length': '393', 'Connection': 'keep-alive', 'Date': 'Thu, 03 Oct 2024 14:25:04 GMT', 'X-Amzn-Trace-Id': 'Root=1-66fea940-318b1b9b3019631978b774e1;Parent=219a134a4282bb62;Sampled=0;Lineage=1:d891c757:0', 'x-amzn-RequestId': '87cecebb-7f5c-4ac3-88e3-ff9606901716', 'Access-Control-Allow-Origin': '*', 'Allow': 'GET, OPTIONS, POST', 'Access-Control-Allow-Headers': '*', 'x-amz-apigw-id': 'fE9iEHAIvHcEOzQ=', 'Access-Control-Allow-Methods': 'GET, OPTIONS, POST', 'X-Cache': 'Miss from cloudfront', 'Via': '1.1 4344b21b0fad608444afa57be7f3cb8c.cloudfront.net (CloudFront)', 'X-Amz-Cf-Pop': 'BKK50-P2', 'X-Amz-Cf-Id': 'IbdjMSbtGdZ6IK_mPsMTM8SVARMiOPsHsX84WpTm9Fm0_JF65299rw=='} 
 body=[{"quote": "When I was in Japan on tour in 2010, I felt like I was 30 years into the future. I love technology and they are so advanced with their phones, computers, everything. I think they had the iPhone way before we did in the U.S. I love gadgets, games, social media and I try to stay ahead on all that stuff, but they get it all first.", "author": "Soulja Boy", "category": "computers"}] 
 </msg>
<msg time="2024-10-03T21:25:04.166873" level="INFO">${response} = &lt;Response [200]&gt;</msg>
<var>${response}</var>
<arg>${base_url}</arg>
<arg>${endpoint}</arg>
<doc>Sends a GET request.</doc>
<status status="PASS" start="2024-10-03T21:25:03.364680" elapsed="0.802576"/>
</kw>
<kw name="Status Should Be" owner="RequestsLibrary">
<arg>200</arg>
<doc>Fails if response status code is different than the expected.</doc>
<status status="PASS" start="2024-10-03T21:25:04.167984" elapsed="0.000776"/>
</kw>
<kw name="Log" owner="BuiltIn">
<msg time="2024-10-03T21:25:04.171238" level="INFO">[{'quote': 'When I was in Japan on tour in 2010, I felt like I was 30 years into the future. I love technology and they are so advanced with their phones, computers, everything. I think they had the iPhone way before we did in the U.S. I love gadgets, games, social media and I try to stay ahead on all that stuff, but they get it all first.', 'author': 'Soulja Boy', 'category': 'computers'}]</msg>
<arg>${response.json()}</arg>
<doc>Logs the given message with the given level.</doc>
<status status="PASS" start="2024-10-03T21:25:04.169360" elapsed="0.003151"/>
</kw>
<kw name="Get From List" owner="Collections">
<msg time="2024-10-03T21:25:04.175765" level="INFO">${first_object} = {'quote': 'When I was in Japan on tour in 2010, I felt like I was 30 years into the future. I love technology and they are so advanced with their phones, computers, everything. I think they had the iP...</msg>
<var>${first_object}</var>
<arg>${response.json()}</arg>
<arg>0</arg>
<doc>Returns the value specified with an ``index`` from ``list``.</doc>
<status status="PASS" start="2024-10-03T21:25:04.173193" elapsed="0.002966"/>
</kw>
<kw name="Get From Dictionary" owner="Collections">
<msg time="2024-10-03T21:25:04.177941" level="INFO">${quote} = When I was in Japan on tour in 2010, I felt like I was 30 years into the future. I love technology and they are so advanced with their phones, computers, everything. I think they had the iPhone way be...</msg>
<var>${quote}</var>
<arg>${first_object}</arg>
<arg>quote</arg>
<doc>Returns a value from the given ``dictionary`` based on the given ``key``.</doc>
<status status="PASS" start="2024-10-03T21:25:04.176909" elapsed="0.001382"/>
</kw>
<kw name="Append To List" owner="Collections">
<arg>${quotes}</arg>
<arg>${quote}</arg>
<doc>Adds ``values`` to the end of ``list``.</doc>
<status status="PASS" start="2024-10-03T21:25:04.178884" elapsed="0.000962"/>
</kw>
<var name="${i}">1</var>
<status status="PASS" start="2024-10-03T21:25:03.360969" elapsed="0.819243"/>
</iter>
<iter>
<kw name="Create Dictionary" owner="BuiltIn">
<msg time="2024-10-03T21:25:04.182615" level="INFO">${endpoint} = {'category': 'computers', 'X-Api-Key': 'bIF7IeOciA8Ug1fiwLROYw==OcYET5Wvr3e5ounB'}</msg>
<var>${endpoint}</var>
<arg>category=computers</arg>
<arg>X-Api-Key=bIF7IeOciA8Ug1fiwLROYw==OcYET5Wvr3e5ounB</arg>
<doc>Creates and returns a dictionary based on the given ``items``.</doc>
<status status="PASS" start="2024-10-03T21:25:04.181590" elapsed="0.001326"/>
</kw>
<kw name="GET" owner="RequestsLibrary">
<msg time="2024-10-03T21:25:04.677641" level="INFO">GET Request : url=https://api.api-ninjas.com/v1/quotes?category=computers&amp;X-Api-Key=bIF7IeOciA8Ug1fiwLROYw%3D%3DOcYET5Wvr3e5ounB 
 path_url=/v1/quotes?category=computers&amp;X-Api-Key=bIF7IeOciA8Ug1fiwLROYw%3D%3DOcYET5Wvr3e5ounB 
 headers={'User-Agent': 'python-requests/2.32.3', 'Accept-Encoding': 'gzip, deflate', 'Accept': '*/*', 'Connection': 'keep-alive'} 
 body=None 
 </msg>
<msg time="2024-10-03T21:25:04.678323" level="INFO">GET Response : url=https://api.api-ninjas.com/v1/quotes?category=computers&amp;X-Api-Key=bIF7IeOciA8Ug1fiwLROYw%3D%3DOcYET5Wvr3e5ounB 
 status=200, reason=OK 
 headers={'Content-Type': 'application/json', 'Content-Length': '223', 'Connection': 'keep-alive', 'Date': 'Thu, 03 Oct 2024 14:25:04 GMT', 'X-Amzn-Trace-Id': 'Root=1-66fea940-1991b39f005234f9463ccffe;Parent=526a4968b3c728ae;Sampled=0;Lineage=1:d891c757:0', 'x-amzn-RequestId': '332596e8-dd06-46ae-90ba-22f289099512', 'Access-Control-Allow-Origin': '*', 'Allow': 'GET, OPTIONS, POST', 'Access-Control-Allow-Headers': '*', 'x-amz-apigw-id': 'fE9iIHVDPHcEQFQ=', 'Access-Control-Allow-Methods': 'GET, OPTIONS, POST', 'X-Cache': 'Miss from cloudfront', 'Via': '1.1 711199c7991a9700e90fd3e19a9bce58.cloudfront.net (CloudFront)', 'X-Amz-Cf-Pop': 'BKK50-P2', 'X-Amz-Cf-Id': '_FVkiFLakruFBLTsj6BjYCSiOtRo_JNYOpwHAndV0eHYQibhf4-ucw=='} 
 body=[{"quote": "I wish people would turn off their computers, go outside, talk to people, touch people, lick people, enjoy each other's company and smell each other on the rump.", "author": "Tre Cool", "category": "computers"}] 
 </msg>
<msg time="2024-10-03T21:25:04.680033" level="INFO">${response} = &lt;Response [200]&gt;</msg>
<var>${response}</var>
<arg>${base_url}</arg>
<arg>${endpoint}</arg>
<doc>Sends a GET request.</doc>
<status status="PASS" start="2024-10-03T21:25:04.183561" elapsed="0.496908"/>
</kw>
<kw name="Status Should Be" owner="RequestsLibrary">
<arg>200</arg>
<doc>Fails if response status code is different than the expected.</doc>
<status status="PASS" start="2024-10-03T21:25:04.681373" elapsed="0.000902"/>
</kw>
<kw name="Log" owner="BuiltIn">
<msg time="2024-10-03T21:25:04.684963" level="INFO">[{'quote': "I wish people would turn off their computers, go outside, talk to people, touch people, lick people, enjoy each other's company and smell each other on the rump.", 'author': 'Tre Cool', 'category': 'computers'}]</msg>
<arg>${response.json()}</arg>
<doc>Logs the given message with the given level.</doc>
<status status="PASS" start="2024-10-03T21:25:04.683015" elapsed="0.002462"/>
</kw>
<kw name="Get From List" owner="Collections">
<msg time="2024-10-03T21:25:04.688223" level="INFO">${first_object} = {'quote': "I wish people would turn off their computers, go outside, talk to people, touch people, lick people, enjoy each other's company and smell each other on the rump.", 'author': 'Tre Cool', 'ca...</msg>
<var>${first_object}</var>
<arg>${response.json()}</arg>
<arg>0</arg>
<doc>Returns the value specified with an ``index`` from ``list``.</doc>
<status status="PASS" start="2024-10-03T21:25:04.686075" elapsed="0.002511"/>
</kw>
<kw name="Get From Dictionary" owner="Collections">
<msg time="2024-10-03T21:25:04.690239" level="INFO">${quote} = I wish people would turn off their computers, go outside, talk to people, touch people, lick people, enjoy each other's company and smell each other on the rump.</msg>
<var>${quote}</var>
<arg>${first_object}</arg>
<arg>quote</arg>
<doc>Returns a value from the given ``dictionary`` based on the given ``key``.</doc>
<status status="PASS" start="2024-10-03T21:25:04.689217" elapsed="0.001340"/>
</kw>
<kw name="Append To List" owner="Collections">
<arg>${quotes}</arg>
<arg>${quote}</arg>
<doc>Adds ``values`` to the end of ``list``.</doc>
<status status="PASS" start="2024-10-03T21:25:04.691189" elapsed="0.001484"/>
</kw>
<var name="${i}">2</var>
<status status="PASS" start="2024-10-03T21:25:04.180961" elapsed="0.512165"/>
</iter>
<var>${i}</var>
<value>3</value>
<status status="PASS" start="2024-10-03T21:25:02.797672" elapsed="1.895834"/>
</for>
<kw name="Log" owner="BuiltIn">
<msg time="2024-10-03T21:25:04.695213" level="INFO">["Everyone has this perception that the bloggers, they say horrible things about you and they hide behind their computers where you can't see them.", 'When I was in Japan on tour in 2010, I felt like I was 30 years into the future. I love technology and they are so advanced with their phones, computers, everything. I think they had the iPhone way before we did in the U.S. I love gadgets, games, social media and I try to stay ahead on all that stuff, but they get it all first.', "I wish people would turn off their computers, go outside, talk to people, touch people, lick people, enjoy each other's company and smell each other on the rump."]</msg>
<arg>${quotes}</arg>
<doc>Logs the given message with the given level.</doc>
<status status="PASS" start="2024-10-03T21:25:04.694368" elapsed="0.001336"/>
</kw>
<kw name="Open Browser" owner="SeleniumLibrary">
<msg time="2024-10-03T21:25:04.697421" level="INFO">Opening browser 'Chrome' to base url 'https://www.memonotepad.com/'.</msg>
<arg>https://www.memonotepad.com/</arg>
<arg>Chrome</arg>
<doc>Opens a new browser instance to the optional ``url``.</doc>
<status status="PASS" start="2024-10-03T21:25:04.696433" elapsed="8.196789"/>
</kw>
<kw name="Input Text" owner="SeleniumLibrary">
<msg time="2024-10-03T21:25:12.897023" level="INFO">Typing text '["Everyone has this perception that the bloggers, they say horrible things about you and they hide behind their computers where you can't see them.", 'When I was in Japan on tour in 2010, I felt like I was 30 years into the future. I love technology and they are so advanced with their phones, computers, everything. I think they had the iPhone way before we did in the U.S. I love gadgets, games, social media and I try to stay ahead on all that stuff, but they get it all first.', "I wish people would turn off their computers, go outside, talk to people, touch people, lick people, enjoy each other's company and smell each other on the rump."]' into text field '//div[@id='notes']'.</msg>
<arg>//div[@id='notes']</arg>
<arg>${quotes}</arg>
<doc>Types the given ``text`` into the text field identified by ``locator``.</doc>
<status status="PASS" start="2024-10-03T21:25:12.894381" elapsed="3.484475"/>
</kw>
<kw name="Click Button" owner="SeleniumLibrary">
<msg time="2024-10-03T21:25:16.379819" level="INFO">Clicking button '//button[@id='action_trash']'.</msg>
<arg>//button[@id='action_trash']</arg>
<doc>Clicks the button identified by ``locator``.</doc>
<status status="PASS" start="2024-10-03T21:25:16.379349" elapsed="0.089304"/>
</kw>
<kw name="Sleep" owner="BuiltIn">
<msg time="2024-10-03T21:25:19.470444" level="INFO">Slept 3 seconds.</msg>
<arg>3s</arg>
<doc>Pauses the test executed for the given time.</doc>
<status status="PASS" start="2024-10-03T21:25:16.469071" elapsed="3.002212"/>
</kw>
<kw name="Element Should Be Visible" owner="SeleniumLibrary">
<msg time="2024-10-03T21:25:19.648897" level="INFO">Element '//button[@class='btn confirm pull-right span4 trash appear']' is displayed.</msg>
<arg>//button[@class='btn confirm pull-right span4 trash appear']</arg>
<doc>Verifies that the element identified by ``locator`` is visible.</doc>
<status status="PASS" start="2024-10-03T21:25:19.472128" elapsed="0.177500"/>
</kw>
<kw name="Click Button" owner="SeleniumLibrary">
<msg time="2024-10-03T21:25:19.651264" level="INFO">Clicking button '//button[@class='btn confirm pull-right span4 trash appear']'.</msg>
<arg>//button[@class='btn confirm pull-right span4 trash appear']</arg>
<doc>Clicks the button identified by ``locator``.</doc>
<status status="PASS" start="2024-10-03T21:25:19.650364" elapsed="0.273337"/>
</kw>
<kw name="Sleep" owner="BuiltIn">
<msg time="2024-10-03T21:25:22.927426" level="INFO">Slept 3 seconds.</msg>
<arg>3s</arg>
<doc>Pauses the test executed for the given time.</doc>
<status status="PASS" start="2024-10-03T21:25:19.925364" elapsed="3.002465"/>
</kw>
<kw name="Element Text Should Not Be" owner="SeleniumLibrary">
<msg time="2024-10-03T21:25:22.929210" level="INFO">Verifying element '//div[@id='notes']' does not contain exact text '["Everyone has this perception that the bloggers, they say horrible things about you and they hide behind their computers where you can't see them.", 'When I was in Japan on tour in 2010, I felt like I was 30 years into the future. I love technology and they are so advanced with their phones, computers, everything. I think they had the iPhone way before we did in the U.S. I love gadgets, games, social media and I try to stay ahead on all that stuff, but they get it all first.', "I wish people would turn off their computers, go outside, talk to people, touch people, lick people, enjoy each other's company and smell each other on the rump."]'.</msg>
<arg>//div[@id='notes']</arg>
<arg>${quotes}</arg>
<doc>Verifies that element ``locator`` does not contain exact the text ``not_expected``.</doc>
<status status="PASS" start="2024-10-03T21:25:22.928330" elapsed="0.062819"/>
</kw>
<kw name="Sleep" owner="BuiltIn">
<msg time="2024-10-03T21:25:25.992927" level="INFO">Slept 3 seconds.</msg>
<arg>3s</arg>
<doc>Pauses the test executed for the given time.</doc>
<status status="PASS" start="2024-10-03T21:25:22.991858" elapsed="3.001616"/>
</kw>
<status status="PASS" start="2024-10-03T21:25:02.791591" elapsed="23.202545"/>
</test>
<status status="PASS" start="2024-10-03T21:25:01.703583" elapsed="24.292251"/>
</suite>
<statistics>
<total>
<stat pass="1" fail="0" skip="0">All Tests</stat>
</total>
<tag>
</tag>
<suite>
<stat pass="1" fail="0" skip="0" id="s1" name="Section2WebTesting">Section2WebTesting</stat>
</suite>
</statistics>
<errors>
</errors>
</robot>
